<?xml version="1.0" encoding="utf-8" ?>
<!DOCTYPE html PUBLIC "-//W3C//DTD XHTML 1.0 Strict//EN"
        "http://www.w3.org/TR/xhtml1/DTD/xhtml1-strict.dtd">
<html xmlns="http://www.w3.org/1999/xhtml" xml:lang="" lang="">
<head>
  <title>Test Results Report - Login Test</title>
  <meta http-equiv="Content-Type" content="text/html;charset=utf-8" />
  <meta name="description" content="TestNG unit test results." />
  <link href="reportng.css" rel="stylesheet" type="text/css" />
    <script type="text/javascript" src="reportng.js"></script>
</head>
<body>
<h1>Login Test</h1>
<p>
  Test duration: 14,328s
</p>



  <table class="resultsTable">
    <tr><th colspan="3" class="header failed">Failed Tests</th></tr>
          <tr>
        <td colspan="3" class="group">com.w2a.testcases.CreateAccountTest</td>
      </tr>
            
<tr>
  <td class="method">
                  createAccountTest
      </td>
  <td class="duration">
    9,720s
  </td>
  <td class="result">
        
          <i>Method arguments: </i><span class="arguments">"Raman"</span><br />
    
            <div class="testOutput">
                        Click to see Screenshot
                                <a target="_blank" href=Tue_Jun_09_13_06_48_CEST_2020.jpg>Screenshot</a>
                                <br>
                                <br>
                                <a target="_blank" href=Tue_Jun_09_13_06_48_CEST_2020.jpg><img src=Tue_Jun_09_13_06_48_CEST_2020.jpg widht=200 height=200></a>
                  </div>
    

        <a href="javascript:toggleElement('exception-0', 'block')" title="Click to expand/collapse"><b>java.lang.AssertionError: Create account test failed</b></a><br />
    <div class="stackTrace" id="exception-0">
              org.testng.Assert.fail(Assert.java:97)<br />
              com.w2a.testcases.CreateAccountTest.createAccountTest(CreateAccountTest.java:21)<br />
              sun.reflect.NativeMethodAccessorImpl.invoke0(Native Method)<br />
              sun.reflect.NativeMethodAccessorImpl.invoke(NativeMethodAccessorImpl.java:62)<br />
              sun.reflect.DelegatingMethodAccessorImpl.invoke(DelegatingMethodAccessorImpl.java:43)<br />
              java.lang.reflect.Method.invoke(Method.java:498)<br />
              org.testng.internal.MethodInvocationHelper.invokeMethod(MethodInvocationHelper.java:131)<br />
              org.testng.internal.Invoker.invokeMethod(Invoker.java:658)<br />
              org.testng.internal.Invoker.invokeTestMethod(Invoker.java:792)<br />
              org.testng.internal.Invoker.invokeTestMethods(Invoker.java:1103)<br />
              org.testng.internal.TestMethodWorker.invokeTestMethods(TestMethodWorker.java:140)<br />
              org.testng.internal.TestMethodWorker.run(TestMethodWorker.java:122)<br />
              org.testng.TestRunner.privateRun(TestRunner.java:739)<br />
              org.testng.TestRunner.run(TestRunner.java:589)<br />
              org.testng.SuiteRunner.runTest(SuiteRunner.java:398)<br />
              org.testng.SuiteRunner.runSequentially(SuiteRunner.java:392)<br />
              org.testng.SuiteRunner.privateRun(SuiteRunner.java:354)<br />
              org.testng.SuiteRunner.run(SuiteRunner.java:302)<br />
              org.testng.SuiteRunnerWorker.runSuite(SuiteRunnerWorker.java:53)<br />
              org.testng.SuiteRunnerWorker.run(SuiteRunnerWorker.java:96)<br />
              org.testng.TestNG.runSuitesSequentially(TestNG.java:1145)<br />
              org.testng.TestNG.runSuitesLocally(TestNG.java:1067)<br />
              org.testng.TestNG.runSuites(TestNG.java:997)<br />
              org.testng.TestNG.run(TestNG.java:965)<br />
              org.apache.maven.surefire.testng.TestNGExecutor.run(TestNGExecutor.java:295)<br />
              org.apache.maven.surefire.testng.TestNGXmlTestSuite.execute(TestNGXmlTestSuite.java:84)<br />
              org.apache.maven.surefire.testng.TestNGProvider.invoke(TestNGProvider.java:90)<br />
              org.apache.maven.surefire.booter.ForkedBooter.invokeProviderInSameClassLoader(ForkedBooter.java:203)<br />
              org.apache.maven.surefire.booter.ForkedBooter.runSuitesInProcess(ForkedBooter.java:155)<br />
              org.apache.maven.surefire.booter.ForkedBooter.main(ForkedBooter.java:103)<br />
                </div>
      </td>
</tr>
          <tr>
        <td colspan="3" class="group">com.w2a.testcases.LoginTest</td>
      </tr>
            
<tr>
  <td class="method">
                  loginTest
      </td>
  <td class="duration">
    4,606s
  </td>
  <td class="result">
        
          <i>Method arguments: </i><span class="arguments">"test.automatisierer@gmail.com", "Selenium@123", "Y"</span><br />
    
            <div class="testOutput">
                        Click to see Screenshot
                                <a target="_blank" href=Tue_Jun_09_13_06_38_CEST_2020.jpg>Screenshot</a>
                                <br>
                                <br>
                                <a target="_blank" href=Tue_Jun_09_13_06_38_CEST_2020.jpg><img src=Tue_Jun_09_13_06_38_CEST_2020.jpg widht=200 height=200></a>
                  </div>
    

        <a href="javascript:toggleElement('exception-1', 'block')" title="Click to expand/collapse"><b>java.lang.AssertionError: Login test failed</b></a><br />
    <div class="stackTrace" id="exception-1">
              org.testng.Assert.fail(Assert.java:97)<br />
              com.w2a.testcases.LoginTest.loginTest(LoginTest.java:18)<br />
              sun.reflect.NativeMethodAccessorImpl.invoke0(Native Method)<br />
              sun.reflect.NativeMethodAccessorImpl.invoke(NativeMethodAccessorImpl.java:62)<br />
              sun.reflect.DelegatingMethodAccessorImpl.invoke(DelegatingMethodAccessorImpl.java:43)<br />
              java.lang.reflect.Method.invoke(Method.java:498)<br />
              org.testng.internal.MethodInvocationHelper.invokeMethod(MethodInvocationHelper.java:131)<br />
              org.testng.internal.Invoker.invokeMethod(Invoker.java:658)<br />
              org.testng.internal.Invoker.invokeTestMethod(Invoker.java:792)<br />
              org.testng.internal.Invoker.invokeTestMethods(Invoker.java:1103)<br />
              org.testng.internal.TestMethodWorker.invokeTestMethods(TestMethodWorker.java:140)<br />
              org.testng.internal.TestMethodWorker.run(TestMethodWorker.java:122)<br />
              org.testng.TestRunner.privateRun(TestRunner.java:739)<br />
              org.testng.TestRunner.run(TestRunner.java:589)<br />
              org.testng.SuiteRunner.runTest(SuiteRunner.java:398)<br />
              org.testng.SuiteRunner.runSequentially(SuiteRunner.java:392)<br />
              org.testng.SuiteRunner.privateRun(SuiteRunner.java:354)<br />
              org.testng.SuiteRunner.run(SuiteRunner.java:302)<br />
              org.testng.SuiteRunnerWorker.runSuite(SuiteRunnerWorker.java:53)<br />
              org.testng.SuiteRunnerWorker.run(SuiteRunnerWorker.java:96)<br />
              org.testng.TestNG.runSuitesSequentially(TestNG.java:1145)<br />
              org.testng.TestNG.runSuitesLocally(TestNG.java:1067)<br />
              org.testng.TestNG.runSuites(TestNG.java:997)<br />
              org.testng.TestNG.run(TestNG.java:965)<br />
              org.apache.maven.surefire.testng.TestNGExecutor.run(TestNGExecutor.java:295)<br />
              org.apache.maven.surefire.testng.TestNGXmlTestSuite.execute(TestNGXmlTestSuite.java:84)<br />
              org.apache.maven.surefire.testng.TestNGProvider.invoke(TestNGProvider.java:90)<br />
              org.apache.maven.surefire.booter.ForkedBooter.invokeProviderInSameClassLoader(ForkedBooter.java:203)<br />
              org.apache.maven.surefire.booter.ForkedBooter.runSuitesInProcess(ForkedBooter.java:155)<br />
              org.apache.maven.surefire.booter.ForkedBooter.main(ForkedBooter.java:103)<br />
                </div>
      </td>
</tr>
      </table>


  
</body>
</html>
